[debug] [2025-12-08T00:34:40.199Z] ----------------------------------------------------------------------
[debug] [2025-12-08T00:34:40.203Z] Command:       /nix/store/ws50yvm6vzlzf7jzz6n7xh4szddrack1-nodejs-20.19.1/bin/node /home/user/.global_modules/bin/firebase init hosting
[debug] [2025-12-08T00:34:40.204Z] CLI Version:   14.26.0
[debug] [2025-12-08T00:34:40.204Z] Platform:      linux
[debug] [2025-12-08T00:34:40.204Z] Node Version:  v20.19.1
[debug] [2025-12-08T00:34:40.205Z] Time:          Mon Dec 08 2025 00:34:40 GMT+0000 (Coordinated Universal Time)
[debug] [2025-12-08T00:34:40.205Z] ----------------------------------------------------------------------
[debug] 
[debug] [2025-12-08T00:34:40.212Z] No OAuth tokens found
[debug] [2025-12-08T00:34:40.213Z] No OAuth tokens found
[error] Failed to fetch Firebase Project from current Studio Workspace: Unable to refresh auth: not yet authenticated.
[info] 
     ######## #### ########  ######## ########     ###     ######  ########
     ##        ##  ##     ## ##       ##     ##  ##   ##  ##       ##
     ######    ##  ########  ######   ########  #########  ######  ######
     ##        ##  ##    ##  ##       ##     ## ##     ##       ## ##
     ##       #### ##     ## ######## ########  ##     ##  ######  ########

You're about to initialize a Firebase project in this directory:

  /home/user/studio

[info] 
=== Project Setup
[info] 
[info] First, let's associate this project directory with a Firebase project.
[info] You can create multiple project aliases by running firebase use --add, 
[info] 
[debug] [2025-12-08T00:34:40.223Z] > command requires scopes: ["email","openid","https://www.googleapis.com/auth/cloudplatformprojects.readonly","https://www.googleapis.com/auth/firebase","https://www.googleapis.com/auth/cloud-platform","https://www.googleapis.com/auth/userinfo.email"]
[debug] [2025-12-08T00:34:40.224Z] > authorizing via signed-in user (id-monospace-workstations-sa@monospace-5.iam.gserviceaccount.com)
[debug] [2025-12-08T00:34:40.225Z] No OAuth tokens found
[debug] [2025-12-08T00:34:40.225Z] No OAuth tokens found
[debug] [2025-12-08T00:34:40.225Z] > command requires scopes: ["email","openid","https://www.googleapis.com/auth/cloudplatformprojects.readonly","https://www.googleapis.com/auth/firebase","https://www.googleapis.com/auth/cloud-platform","https://www.googleapis.com/auth/userinfo.email"]
[debug] [2025-12-08T00:34:40.225Z] > authorizing via signed-in user (id-monospace-workstations-sa@monospace-5.iam.gserviceaccount.com)
[debug] [2025-12-08T00:34:40.229Z] >>> [apiv2][query] GET https://firebase.googleapis.com/v1beta1/projects/ps-website-99571379-b95c6 [none]
[debug] [2025-12-08T00:34:40.362Z] <<< [apiv2][status] GET https://firebase.googleapis.com/v1beta1/projects/ps-website-99571379-b95c6 403
[debug] [2025-12-08T00:34:40.362Z] <<< [apiv2][body] GET https://firebase.googleapis.com/v1beta1/projects/ps-website-99571379-b95c6 {"error":{"code":403,"message":"Request had insufficient authentication scopes.","status":"PERMISSION_DENIED","details":[{"@type":"type.googleapis.com/google.rpc.ErrorInfo","reason":"ACCESS_TOKEN_SCOPE_INSUFFICIENT","domain":"googleapis.com","metadata":{"method":"google.firebase.service.v1beta1.FirebaseProjectService.GetFirebaseProject","service":"firebase.googleapis.com"}}]}}
[debug] [2025-12-08T00:34:40.364Z] Request to https://firebase.googleapis.com/v1beta1/projects/ps-website-99571379-b95c6 had HTTP Error: 403, Request had insufficient authentication scopes.
[debug] [2025-12-08T00:34:40.365Z] FirebaseError: Request to https://firebase.googleapis.com/v1beta1/projects/ps-website-99571379-b95c6 had HTTP Error: 403, Request had insufficient authentication scopes.
    at responseToError (/home/user/.global_modules/lib/node_modules/firebase-tools/lib/responseToError.js:53:12)
    at RetryOperation._fn (/home/user/.global_modules/lib/node_modules/firebase-tools/lib/apiv2.js:322:77)
    at process.processTicksAndRejections (node:internal/process/task_queues:95:5)
[error] 
[error] Error: Failed to get Firebase project ps-website-99571379-b95c6. Please make sure the project exists and your account has permission to access it.
[error] Failed to fetch Firebase Project from Studio Workspace because WORKSPACE_SLUG environment variable is empty
[error] Failed to fetch Firebase Project from Studio Workspace because WORKSPACE_SLUG environment variable is empty
[error] Failed to fetch Firebase Project from Studio Workspace because WORKSPACE_SLUG environment variable is empty
[error] Failed to fetch Firebase Project from Studio Workspace because WORKSPACE_SLUG environment variable is empty
[debug] [2025-12-13T04:33:46.639Z] > command requires scopes: ["email","openid","https://www.googleapis.com/auth/cloudplatformprojects.readonly","https://www.googleapis.com/auth/firebase","https://www.googleapis.com/auth/cloud-platform","https://www.googleapis.com/auth/userinfo.email"]
[debug] [2025-12-13T04:33:46.642Z] > command requires scopes: ["email","openid","https://www.googleapis.com/auth/cloudplatformprojects.readonly","https://www.googleapis.com/auth/firebase","https://www.googleapis.com/auth/cloud-platform","https://www.googleapis.com/auth/userinfo.email"]
[debug] [2025-12-13T04:33:48.885Z] No OAuth tokens found
[debug] [2025-12-13T04:33:48.886Z] No OAuth tokens found
[debug] [2025-12-13T04:33:48.886Z] > command requires scopes: ["email","openid","https://www.googleapis.com/auth/cloudplatformprojects.readonly","https://www.googleapis.com/auth/firebase","https://www.googleapis.com/auth/cloud-platform","https://www.googleapis.com/auth/userinfo.email"]
[debug] [2025-12-13T04:33:48.899Z] No OAuth tokens found
[debug] [2025-12-13T04:33:48.903Z] No OAuth tokens found
[debug] [2025-12-13T04:33:48.903Z] > command requires scopes: ["email","openid","https://www.googleapis.com/auth/cloudplatformprojects.readonly","https://www.googleapis.com/auth/firebase","https://www.googleapis.com/auth/cloud-platform","https://www.googleapis.com/auth/userinfo.email"]
[error] Failed to fetch Firebase Project from Studio Workspace because WORKSPACE_SLUG environment variable is empty
[error] Failed to fetch Firebase Project from Studio Workspace because WORKSPACE_SLUG environment variable is empty
[error] Failed to fetch Firebase Project from Studio Workspace because WORKSPACE_SLUG environment variable is empty
[debug] [2025-12-13T04:33:51.119Z] > command requires scopes: ["email","openid","https://www.googleapis.com/auth/cloudplatformprojects.readonly","https://www.googleapis.com/auth/firebase","https://www.googleapis.com/auth/cloud-platform","https://www.googleapis.com/auth/userinfo.email"]
[error] Failed to fetch Firebase Project from Studio Workspace because WORKSPACE_SLUG environment variable is empty
[debug] [2025-12-13T04:33:53.268Z] > command requires scopes: ["email","openid","https://www.googleapis.com/auth/cloudplatformprojects.readonly","https://www.googleapis.com/auth/firebase","https://www.googleapis.com/auth/cloud-platform","https://www.googleapis.com/auth/userinfo.email"]
[error] Failed to fetch Firebase Project from Studio Workspace because WORKSPACE_SLUG environment variable is empty
[error] Failed to fetch Firebase Project from Studio Workspace because WORKSPACE_SLUG environment variable is empty
[error] Failed to fetch Firebase Project from Studio Workspace because WORKSPACE_SLUG environment variable is empty
[error] Failed to fetch Firebase Project from Studio Workspace because WORKSPACE_SLUG environment variable is empty
[debug] [2025-12-15T22:53:40.608Z] > command requires scopes: ["email","openid","https://www.googleapis.com/auth/cloudplatformprojects.readonly","https://www.googleapis.com/auth/firebase","https://www.googleapis.com/auth/cloud-platform","https://www.googleapis.com/auth/userinfo.email"]
[debug] [2025-12-15T22:53:40.614Z] > command requires scopes: ["email","openid","https://www.googleapis.com/auth/cloudplatformprojects.readonly","https://www.googleapis.com/auth/firebase","https://www.googleapis.com/auth/cloud-platform","https://www.googleapis.com/auth/userinfo.email"]
[debug] [2025-12-15T22:53:40.645Z] Running auto auth
[debug] [2025-12-15T22:53:40.646Z] Running auto auth
[debug] [2025-12-15T22:53:40.806Z] No OAuth tokens found
[debug] [2025-12-15T22:53:40.808Z] >>> [apiv2][query] GET https://serviceusage.googleapis.com/v1/projects/ps-website-99571379-b95c6/services/firebaseio.com [none]
[debug] [2025-12-15T22:53:40.808Z] >>> [apiv2][(partial)header] GET https://serviceusage.googleapis.com/v1/projects/ps-website-99571379-b95c6/services/firebaseio.com x-goog-quota-user=projects/ps-website-99571379-b95c6
[debug] [2025-12-15T22:53:40.940Z] No OAuth tokens found
[debug] [2025-12-15T22:53:40.942Z] >>> [apiv2][query] GET https://serviceusage.googleapis.com/v1/projects/ps-website-99571379-b95c6/services/firebaseio.com [none]
[debug] [2025-12-15T22:53:40.942Z] >>> [apiv2][(partial)header] GET https://serviceusage.googleapis.com/v1/projects/ps-website-99571379-b95c6/services/firebaseio.com x-goog-quota-user=projects/ps-website-99571379-b95c6
[debug] [2025-12-15T22:53:41.876Z] <<< [apiv2][status] GET https://serviceusage.googleapis.com/v1/projects/ps-website-99571379-b95c6/services/firebaseio.com 403
[debug] [2025-12-15T22:53:41.877Z] <<< [apiv2][body] GET https://serviceusage.googleapis.com/v1/projects/ps-website-99571379-b95c6/services/firebaseio.com [omitted]
[debug] [2025-12-15T22:53:41.920Z] <<< [apiv2][status] GET https://serviceusage.googleapis.com/v1/projects/ps-website-99571379-b95c6/services/firebaseio.com 403
[debug] [2025-12-15T22:53:41.920Z] <<< [apiv2][body] GET https://serviceusage.googleapis.com/v1/projects/ps-website-99571379-b95c6/services/firebaseio.com [omitted]
[error] Failed to fetch Firebase Project from Studio Workspace because WORKSPACE_SLUG environment variable is empty
[error] Failed to fetch Firebase Project from Studio Workspace because WORKSPACE_SLUG environment variable is empty
[error] Failed to fetch Firebase Project from Studio Workspace because WORKSPACE_SLUG environment variable is empty
[debug] [2025-12-15T22:53:41.926Z] > command requires scopes: ["email","openid","https://www.googleapis.com/auth/cloudplatformprojects.readonly","https://www.googleapis.com/auth/firebase","https://www.googleapis.com/auth/cloud-platform","https://www.googleapis.com/auth/userinfo.email"]
[debug] [2025-12-15T22:53:41.926Z] > authorizing via signed-in user (id-monospace-workstations-sa@monospace-5.iam.gserviceaccount.com)
[error] Failed to fetch Firebase Project from Studio Workspace because WORKSPACE_SLUG environment variable is empty
<<<<<<< HEAD
[debug] [2025-12-15T22:53:41.928Z] > command requires scopes: ["email","openid","https://www.googleapis.com/auth/cloudplatformprojects.readonly","https://www.googleapis.com/auth/firebase","https://www.googleapis.com/auth/cloud-platform","https://www.googleapis.com/auth/userinfo.email"]
[debug] [2025-12-15T22:53:41.928Z] > authorizing via signed-in user (id-monospace-workstations-sa@monospace-5.iam.gserviceaccount.com)
=======
[debug] [2025-12-02T21:10:49.235Z] > command requires scopes: ["email","openid","https://www.googleapis.com/auth/cloudplatformprojects.readonly","https://www.googleapis.com/auth/firebase","https://www.googleapis.com/auth/cloud-platform","https://www.googleapis.com/auth/userinfo.email"]
[debug] [2025-12-02T21:10:49.237Z] > authorizing via signed-in user (thatgermanxhosa@gmail.com)
>>>>>>> origin/thatgermanxhosa-bot-patch-2
[error] Failed to fetch Firebase Project from Studio Workspace because WORKSPACE_SLUG environment variable is empty
[error] Failed to fetch Firebase Project from Studio Workspace because WORKSPACE_SLUG environment variable is empty
[error] Failed to fetch Firebase Project from Studio Workspace because WORKSPACE_SLUG environment variable is empty
[error] Failed to fetch Firebase Project from Studio Workspace because WORKSPACE_SLUG environment variable is empty
<<<<<<< HEAD
[debug] [2025-12-16T07:09:12.727Z] > command requires scopes: ["email","openid","https://www.googleapis.com/auth/cloudplatformprojects.readonly","https://www.googleapis.com/auth/firebase","https://www.googleapis.com/auth/cloud-platform","https://www.googleapis.com/auth/userinfo.email"]
[debug] [2025-12-16T07:09:12.742Z] > command requires scopes: ["email","openid","https://www.googleapis.com/auth/cloudplatformprojects.readonly","https://www.googleapis.com/auth/firebase","https://www.googleapis.com/auth/cloud-platform","https://www.googleapis.com/auth/userinfo.email"]
[debug] [2025-12-16T07:09:12.809Z] Running auto auth
[debug] [2025-12-16T07:09:12.812Z] Running auto auth
[debug] [2025-12-16T07:09:12.971Z] No OAuth tokens found
[debug] [2025-12-16T07:09:12.974Z] >>> [apiv2][query] GET https://serviceusage.googleapis.com/v1/projects/ps-website-99571379-b95c6/services/firebaseio.com [none]
[debug] [2025-12-16T07:09:12.975Z] >>> [apiv2][(partial)header] GET https://serviceusage.googleapis.com/v1/projects/ps-website-99571379-b95c6/services/firebaseio.com x-goog-quota-user=projects/ps-website-99571379-b95c6
[debug] [2025-12-16T07:09:13.096Z] No OAuth tokens found
[debug] [2025-12-16T07:09:13.097Z] >>> [apiv2][query] GET https://serviceusage.googleapis.com/v1/projects/ps-website-99571379-b95c6/services/firebaseio.com [none]
[debug] [2025-12-16T07:09:13.097Z] >>> [apiv2][(partial)header] GET https://serviceusage.googleapis.com/v1/projects/ps-website-99571379-b95c6/services/firebaseio.com x-goog-quota-user=projects/ps-website-99571379-b95c6
[debug] [2025-12-16T07:09:14.140Z] <<< [apiv2][status] GET https://serviceusage.googleapis.com/v1/projects/ps-website-99571379-b95c6/services/firebaseio.com 403
[debug] [2025-12-16T07:09:14.142Z] <<< [apiv2][body] GET https://serviceusage.googleapis.com/v1/projects/ps-website-99571379-b95c6/services/firebaseio.com [omitted]
[error] Failed to fetch Firebase Project from Studio Workspace because WORKSPACE_SLUG environment variable is empty
[error] Failed to fetch Firebase Project from Studio Workspace because WORKSPACE_SLUG environment variable is empty
[error] Failed to fetch Firebase Project from Studio Workspace because WORKSPACE_SLUG environment variable is empty
[debug] [2025-12-16T07:09:14.147Z] > command requires scopes: ["email","openid","https://www.googleapis.com/auth/cloudplatformprojects.readonly","https://www.googleapis.com/auth/firebase","https://www.googleapis.com/auth/cloud-platform","https://www.googleapis.com/auth/userinfo.email"]
[debug] [2025-12-16T07:09:14.147Z] > authorizing via signed-in user (id-monospace-workstations-sa@monospace-5.iam.gserviceaccount.com)
[error] Failed to fetch Firebase Project from Studio Workspace because WORKSPACE_SLUG environment variable is empty
[debug] [2025-12-16T07:09:14.149Z] > command requires scopes: ["email","openid","https://www.googleapis.com/auth/cloudplatformprojects.readonly","https://www.googleapis.com/auth/firebase","https://www.googleapis.com/auth/cloud-platform","https://www.googleapis.com/auth/userinfo.email"]
[debug] [2025-12-16T07:09:14.149Z] > authorizing via signed-in user (id-monospace-workstations-sa@monospace-5.iam.gserviceaccount.com)
[debug] [2025-12-16T07:09:14.212Z] <<< [apiv2][status] GET https://serviceusage.googleapis.com/v1/projects/ps-website-99571379-b95c6/services/firebaseio.com 403
[debug] [2025-12-16T07:09:14.215Z] <<< [apiv2][body] GET https://serviceusage.googleapis.com/v1/projects/ps-website-99571379-b95c6/services/firebaseio.com [omitted]
=======
[debug] [2025-12-02T23:27:27.655Z] > command requires scopes: ["email","openid","https://www.googleapis.com/auth/cloudplatformprojects.readonly","https://www.googleapis.com/auth/firebase","https://www.googleapis.com/auth/cloud-platform","https://www.googleapis.com/auth/userinfo.email"]
[debug] [2025-12-02T23:27:27.683Z] > command requires scopes: ["email","openid","https://www.googleapis.com/auth/cloudplatformprojects.readonly","https://www.googleapis.com/auth/firebase","https://www.googleapis.com/auth/cloud-platform","https://www.googleapis.com/auth/userinfo.email"]
[error] Failed to fetch Firebase Project from Studio Workspace because WORKSPACE_SLUG environment variable is empty
[error] Failed to fetch Firebase Project from Studio Workspace because WORKSPACE_SLUG environment variable is empty
[error] Failed to fetch Firebase Project from Studio Workspace because WORKSPACE_SLUG environment variable is empty
[error] Failed to fetch Firebase Project from Studio Workspace because WORKSPACE_SLUG environment variable is empty
[debug] [2025-12-02T23:28:27.557Z] > command requires scopes: ["email","openid","https://www.googleapis.com/auth/cloudplatformprojects.readonly","https://www.googleapis.com/auth/firebase","https://www.googleapis.com/auth/cloud-platform","https://www.googleapis.com/auth/userinfo.email"]
[debug] [2025-12-02T23:28:27.560Z] > command requires scopes: ["email","openid","https://www.googleapis.com/auth/cloudplatformprojects.readonly","https://www.googleapis.com/auth/firebase","https://www.googleapis.com/auth/cloud-platform","https://www.googleapis.com/auth/userinfo.email"]
[debug] [2025-12-02T23:29:30.074Z] No OAuth tokens found
[debug] [2025-12-02T23:29:30.074Z] No OAuth tokens found
[debug] [2025-12-02T23:29:30.075Z] > command requires scopes: ["email","openid","https://www.googleapis.com/auth/cloudplatformprojects.readonly","https://www.googleapis.com/auth/firebase","https://www.googleapis.com/auth/cloud-platform","https://www.googleapis.com/auth/userinfo.email"]
[debug] [2025-12-02T23:29:30.089Z] No OAuth tokens found
[debug] [2025-12-02T23:29:30.089Z] No OAuth tokens found
[debug] [2025-12-02T23:29:30.089Z] > command requires scopes: ["email","openid","https://www.googleapis.com/auth/cloudplatformprojects.readonly","https://www.googleapis.com/auth/firebase","https://www.googleapis.com/auth/cloud-platform","https://www.googleapis.com/auth/userinfo.email"]
[debug] [2025-12-02T23:29:30.102Z] No OAuth tokens found
[debug] [2025-12-02T23:29:30.102Z] No OAuth tokens found
[debug] [2025-12-02T23:29:30.102Z] > command requires scopes: ["email","openid","https://www.googleapis.com/auth/cloudplatformprojects.readonly","https://www.googleapis.com/auth/firebase","https://www.googleapis.com/auth/cloud-platform","https://www.googleapis.com/auth/userinfo.email"]
[debug] [2025-12-02T23:29:30.108Z] No OAuth tokens found
[debug] [2025-12-02T23:29:30.108Z] No OAuth tokens found
[debug] [2025-12-02T23:29:30.109Z] > command requires scopes: ["email","openid","https://www.googleapis.com/auth/cloudplatformprojects.readonly","https://www.googleapis.com/auth/firebase","https://www.googleapis.com/auth/cloud-platform","https://www.googleapis.com/auth/userinfo.email"]
[error] Failed to fetch Firebase Project from Studio Workspace because WORKSPACE_SLUG environment variable is empty
[error] Failed to fetch Firebase Project from Studio Workspace because WORKSPACE_SLUG environment variable is empty
[error] Failed to fetch Firebase Project from Studio Workspace because WORKSPACE_SLUG environment variable is empty
[debug] [2025-12-02T23:29:33.090Z] > command requires scopes: ["email","openid","https://www.googleapis.com/auth/cloudplatformprojects.readonly","https://www.googleapis.com/auth/firebase","https://www.googleapis.com/auth/cloud-platform","https://www.googleapis.com/auth/userinfo.email"]
[error] Failed to fetch Firebase Project from Studio Workspace because WORKSPACE_SLUG environment variable is empty
[error] Failed to fetch Firebase Project from Studio Workspace because WORKSPACE_SLUG environment variable is empty
[error] Failed to fetch Firebase Project from Studio Workspace because WORKSPACE_SLUG environment variable is empty
[debug] [2025-12-02T23:29:33.127Z] > command requires scopes: ["email","openid","https://www.googleapis.com/auth/cloudplatformprojects.readonly","https://www.googleapis.com/auth/firebase","https://www.googleapis.com/auth/cloud-platform","https://www.googleapis.com/auth/userinfo.email"]
[error] Failed to fetch Firebase Project from Studio Workspace because WORKSPACE_SLUG environment variable is empty
[error] Failed to fetch Firebase Project from Studio Workspace because WORKSPACE_SLUG environment variable is empty
[error] Failed to fetch Firebase Project from Studio Workspace because WORKSPACE_SLUG environment variable is empty
[debug] [2025-12-02T23:29:33.148Z] > command requires scopes: ["email","openid","https://www.googleapis.com/auth/cloudplatformprojects.readonly","https://www.googleapis.com/auth/firebase","https://www.googleapis.com/auth/cloud-platform","https://www.googleapis.com/auth/userinfo.email"]
[debug] [2025-12-02T23:30:42.088Z] Running auto auth
[debug] [2025-12-02T23:30:42.089Z] Running auto auth
[debug] [2025-12-02T23:30:42.089Z] Running auto auth
[debug] [2025-12-02T23:30:42.089Z] Running auto auth
[debug] [2025-12-02T23:30:42.089Z] Running auto auth
[debug] [2025-12-02T23:30:42.089Z] Running auto auth
[debug] [2025-12-02T23:30:42.089Z] Running auto auth
[debug] [2025-12-02T23:30:42.193Z] >>> [apiv2][query] GET https://serviceusage.googleapis.com/v1/projects/ps-website-99571379-b95c6/services/firebaseio.com [none]
[debug] [2025-12-02T23:30:42.193Z] >>> [apiv2][(partial)header] GET https://serviceusage.googleapis.com/v1/projects/ps-website-99571379-b95c6/services/firebaseio.com x-goog-quota-user=projects/ps-website-99571379-b95c6
[debug] [2025-12-02T23:30:42.245Z] >>> [apiv2][query] GET https://serviceusage.googleapis.com/v1/projects/ps-website-99571379-b95c6/services/firebaseio.com [none]
[debug] [2025-12-02T23:30:42.245Z] >>> [apiv2][(partial)header] GET https://serviceusage.googleapis.com/v1/projects/ps-website-99571379-b95c6/services/firebaseio.com x-goog-quota-user=projects/ps-website-99571379-b95c6
[debug] [2025-12-02T23:30:42.286Z] >>> [apiv2][query] GET https://serviceusage.googleapis.com/v1/projects/ps-website-99571379-b95c6/services/firebaseio.com [none]
[debug] [2025-12-02T23:30:42.286Z] >>> [apiv2][(partial)header] GET https://serviceusage.googleapis.com/v1/projects/ps-website-99571379-b95c6/services/firebaseio.com x-goog-quota-user=projects/ps-website-99571379-b95c6
[debug] [2025-12-02T23:30:42.310Z] >>> [apiv2][query] GET https://serviceusage.googleapis.com/v1/projects/ps-website-99571379-b95c6/services/firebaseio.com [none]
[debug] [2025-12-02T23:30:42.310Z] >>> [apiv2][(partial)header] GET https://serviceusage.googleapis.com/v1/projects/ps-website-99571379-b95c6/services/firebaseio.com x-goog-quota-user=projects/ps-website-99571379-b95c6
[error] Failed to fetch Firebase Project from Studio Workspace because WORKSPACE_SLUG environment variable is empty
[debug] [2025-12-02T23:30:42.330Z] > command requires scopes: ["email","openid","https://www.googleapis.com/auth/cloudplatformprojects.readonly","https://www.googleapis.com/auth/firebase","https://www.googleapis.com/auth/cloud-platform","https://www.googleapis.com/auth/userinfo.email"]
[debug] [2025-12-02T23:30:42.330Z] > authorizing via signed-in user (thatgermanxhosa@gmail.com)
[error] Failed to fetch Firebase Project from Studio Workspace because WORKSPACE_SLUG environment variable is empty
[debug] [2025-12-02T23:30:42.346Z] > command requires scopes: ["email","openid","https://www.googleapis.com/auth/cloudplatformprojects.readonly","https://www.googleapis.com/auth/firebase","https://www.googleapis.com/auth/cloud-platform","https://www.googleapis.com/auth/userinfo.email"]
[debug] [2025-12-02T23:30:42.346Z] > authorizing via signed-in user (thatgermanxhosa@gmail.com)
[error] Failed to fetch Firebase Project from Studio Workspace because WORKSPACE_SLUG environment variable is empty
[debug] [2025-12-02T23:30:42.360Z] > command requires scopes: ["email","openid","https://www.googleapis.com/auth/cloudplatformprojects.readonly","https://www.googleapis.com/auth/firebase","https://www.googleapis.com/auth/cloud-platform","https://www.googleapis.com/auth/userinfo.email"]
[debug] [2025-12-02T23:30:42.360Z] > authorizing via signed-in user (thatgermanxhosa@gmail.com)
[debug] [2025-12-02T23:30:43.199Z] <<< [apiv2][status] GET https://serviceusage.googleapis.com/v1/projects/ps-website-99571379-b95c6/services/firebaseio.com 401
[debug] [2025-12-02T23:30:43.200Z] <<< [apiv2][body] GET https://serviceusage.googleapis.com/v1/projects/ps-website-99571379-b95c6/services/firebaseio.com [omitted]
[debug] [2025-12-02T23:30:43.202Z] Got a 401 Unauthenticated error for a call that required authentication. Refreshing tokens.
[debug] [2025-12-02T23:30:43.202Z] No OAuth tokens found
[debug] [2025-12-02T23:30:43.202Z] No OAuth tokens found
[debug] [2025-12-02T23:30:43.202Z] > command requires scopes: ["email","openid","https://www.googleapis.com/auth/cloudplatformprojects.readonly","https://www.googleapis.com/auth/firebase","https://www.googleapis.com/auth/cloud-platform","https://www.googleapis.com/auth/userinfo.email"]
[debug] [2025-12-02T23:30:43.206Z] > authorizing via signed-in user (thatgermanxhosa@gmail.com)
[debug] [2025-12-02T23:30:43.236Z] <<< [apiv2][status] GET https://serviceusage.googleapis.com/v1/projects/ps-website-99571379-b95c6/services/firebaseio.com 401
[debug] [2025-12-02T23:30:43.236Z] <<< [apiv2][body] GET https://serviceusage.googleapis.com/v1/projects/ps-website-99571379-b95c6/services/firebaseio.com [omitted]
[debug] [2025-12-02T23:30:43.236Z] Got a 401 Unauthenticated error for a call that required authentication. Refreshing tokens.
[debug] [2025-12-02T23:30:43.237Z] No OAuth tokens found
[debug] [2025-12-02T23:30:43.239Z] No OAuth tokens found
[debug] [2025-12-02T23:30:43.239Z] > command requires scopes: ["email","openid","https://www.googleapis.com/auth/cloudplatformprojects.readonly","https://www.googleapis.com/auth/firebase","https://www.googleapis.com/auth/cloud-platform","https://www.googleapis.com/auth/userinfo.email"]
[debug] [2025-12-02T23:30:43.239Z] > authorizing via signed-in user (thatgermanxhosa@gmail.com)
[debug] [2025-12-02T23:30:43.303Z] <<< [apiv2][status] GET https://serviceusage.googleapis.com/v1/projects/ps-website-99571379-b95c6/services/firebaseio.com 401
[debug] [2025-12-02T23:30:43.303Z] <<< [apiv2][body] GET https://serviceusage.googleapis.com/v1/projects/ps-website-99571379-b95c6/services/firebaseio.com [omitted]
[debug] [2025-12-02T23:30:43.303Z] Got a 401 Unauthenticated error for a call that required authentication. Refreshing tokens.
[debug] [2025-12-02T23:30:43.305Z] No OAuth tokens found
[debug] [2025-12-02T23:30:43.305Z] No OAuth tokens found
[debug] [2025-12-02T23:30:43.305Z] > command requires scopes: ["email","openid","https://www.googleapis.com/auth/cloudplatformprojects.readonly","https://www.googleapis.com/auth/firebase","https://www.googleapis.com/auth/cloud-platform","https://www.googleapis.com/auth/userinfo.email"]
[debug] [2025-12-02T23:30:43.305Z] > authorizing via signed-in user (thatgermanxhosa@gmail.com)
[debug] [2025-12-02T23:30:43.325Z] <<< [apiv2][status] GET https://serviceusage.googleapis.com/v1/projects/ps-website-99571379-b95c6/services/firebaseio.com 401
[debug] [2025-12-02T23:30:43.327Z] <<< [apiv2][body] GET https://serviceusage.googleapis.com/v1/projects/ps-website-99571379-b95c6/services/firebaseio.com [omitted]
[debug] [2025-12-02T23:30:43.327Z] Got a 401 Unauthenticated error for a call that required authentication. Refreshing tokens.
[debug] [2025-12-02T23:30:43.327Z] No OAuth tokens found
[debug] [2025-12-02T23:30:43.327Z] No OAuth tokens found
[debug] [2025-12-02T23:30:43.330Z] > command requires scopes: ["email","openid","https://www.googleapis.com/auth/cloudplatformprojects.readonly","https://www.googleapis.com/auth/firebase","https://www.googleapis.com/auth/cloud-platform","https://www.googleapis.com/auth/userinfo.email"]
[debug] [2025-12-02T23:30:43.330Z] > authorizing via signed-in user (thatgermanxhosa@gmail.com)
>>>>>>> origin/thatgermanxhosa-bot-patch-2
